Initialized native services in: /home/codespace/.gradle/native
Initialized jansi services in: /home/codespace/.gradle/native
The client will now receive all logging from the daemon (pid: 8516). The daemon log file: /home/codespace/.gradle/daemon/8.14.2/daemon-8516.out.log
Starting 19th build in daemon [uptime: 27 mins 22.491 secs, performance: 97%, GC rate: 0.00/s, heap usage: 0% of 2 GiB]
Using 2 worker leases.
Not watching /workspaces/RA since the file system is not supported
Watching the file system is configured to be enabled if available
File system watching is active
Starting Build
Settings evaluated using settings file '/workspaces/RA/settings.gradle.kts'.
Projects loaded. Root project using build file '/workspaces/RA/build.gradle.kts'.
Included projects: [root project 'OldtimerRallyTimer', project ':app']

> Configure project :
Evaluating root project 'OldtimerRallyTimer' using build file '/workspaces/RA/build.gradle.kts'.
Resolved plugin [id: 'org.jetbrains.kotlin.plugin.compose', version: '2.0.20', apply: false]
Resolved plugin [id: 'com.android.application', version: '8.5.2', apply: false]
Resolved plugin [id: 'org.jetbrains.kotlin.android', version: '2.0.20', apply: false]
Resolved plugin [id: 'org.jetbrains.kotlin.plugin.serialization', version: '2.0.20', apply: false]
Resolved plugin [id: 'com.google.devtools.ksp', version: '2.0.20-1.0.24', apply: false]

> Configure project :app
Evaluating project ':app' using build file '/workspaces/RA/app/build.gradle.kts'.
Resolved plugin [id: 'org.jetbrains.kotlin.plugin.compose']
Resolved plugin [id: 'com.android.application']
Resolved plugin [id: 'org.jetbrains.kotlin.android']
Resolved plugin [id: 'org.jetbrains.kotlin.plugin.serialization']
Resolved plugin [id: 'com.google.devtools.ksp']
Using default execution profile
Using Kotlin Gradle Plugin gradle85 variant
Detected Android Gradle Plugin compose compiler configuration
Detected Android Gradle Plugin compose compiler configuration
Detected Android Gradle Plugin compose compiler configuration
Detected Android Gradle Plugin compose compiler configuration
Detected Android Gradle Plugin compose compiler configuration
All projects evaluated.
Task name matched 'assembleDebug'
Selected primary task 'assembleDebug' from project :
WARNING: We recommend using a newer Android Gradle plugin to use compileSdk = 35

This Android Gradle plugin (8.5.2) was tested up to compileSdk = 34.

You are strongly encouraged to update your project to use a newer
Android Gradle plugin that has been tested with compileSdk = 35.

If you are already using the latest version of the Android Gradle plugin,
you may need to wait until a newer version with support for compileSdk = 35 is available.

For more information refer to the compatibility table:
https://d.android.com/r/tools/api-level-support

To suppress this warning, add/update
    android.suppressUnsupportedCompileSdk=35
to this project's gradle.properties.
Tasks to be executed: [task ':app:preBuild', task ':app:preDebugBuild', task ':app:mergeDebugNativeDebugMetadata', task ':app:checkKotlinGradlePluginConfigurationErrors', task ':app:generateDebugBuildConfig', task ':app:checkDebugAarMetadata', task ':app:generateDebugResValues', task ':app:mapDebugSourceSetPaths', task ':app:generateDebugResources', task ':app:mergeDebugResources', task ':app:packageDebugResources', task ':app:parseDebugLocalResources', task ':app:createDebugCompatibleScreenManifests', task ':app:extractDeepLinksDebug', task ':app:processDebugMainManifest', task ':app:processDebugManifest', task ':app:processDebugManifestForPackage', task ':app:processDebugResources', task ':app:kspDebugKotlin', task ':app:compileDebugKotlin', task ':app:javaPreCompileDebug', task ':app:compileDebugJavaWithJavac', task ':app:mergeDebugShaders', task ':app:compileDebugShaders', task ':app:generateDebugAssets', task ':app:mergeDebugAssets', task ':app:compressDebugAssets', task ':app:desugarDebugFileDependencies', task ':app:dexBuilderDebug', task ':app:mergeDebugGlobalSynthetics', task ':app:processDebugJavaRes', task ':app:mergeDebugJavaResource', task ':app:checkDebugDuplicateClasses', task ':app:mergeDebugStartupProfile', task ':app:mergeExtDexDebug', task ':app:mergeLibDexDebug', task ':app:mergeProjectDexDebug', task ':app:mergeDebugJniLibFolders', task ':app:mergeDebugNativeLibs', task ':app:stripDebugDebugSymbols', task ':app:validateSigningDebug', task ':app:writeDebugAppMetadata', task ':app:writeDebugSigningConfigVersions', task ':app:packageDebug', task ':app:createDebugApkListingFileRedirect', task ':app:assembleDebug']
Tasks that were excluded: []
Resolve mutations for :app:preBuild (Thread[#660,Execution worker,5,main]) started.
:app:preBuild (Thread[#660,Execution worker,5,main]) started.

> Task :app:preBuild UP-TO-DATE
Skipping task ':app:preBuild' as it has no actions.
Resolve mutations for :app:preDebugBuild (Thread[#660,Execution worker,5,main]) started.
:app:preDebugBuild (Thread[#660,Execution worker,5,main]) started.

> Task :app:preDebugBuild UP-TO-DATE
Skipping task ':app:preDebugBuild' as it has no actions.
Resolve mutations for :app:mergeDebugNativeDebugMetadata (Thread[#660,Execution worker,5,main]) started.
:app:mergeDebugNativeDebugMetadata (Thread[#660,Execution worker,5,main]) started.

> Task :app:mergeDebugNativeDebugMetadata NO-SOURCE
Skipping task ':app:mergeDebugNativeDebugMetadata' as it has no source files and no previous output files.
Resolve mutations for :app:checkKotlinGradlePluginConfigurationErrors (Thread[#659,included builds,5,main]) started.
:app:checkKotlinGradlePluginConfigurationErrors (Thread[#659,included builds,5,main]) started.

> Task :app:checkKotlinGradlePluginConfigurationErrors SKIPPED
Skipping task ':app:checkKotlinGradlePluginConfigurationErrors' as task onlyIf 'errorDiagnostics are present' is false.
Resolve mutations for :app:generateDebugBuildConfig (Thread[#660,Execution worker,5,main]) started.
:app:generateDebugBuildConfig (Thread[#660,Execution worker,5,main]) started.

> Task :app:generateDebugBuildConfig UP-TO-DATE
Caching disabled for task ':app:generateDebugBuildConfig' because:
  Build cache is disabled
Skipping task ':app:generateDebugBuildConfig' as it is up-to-date.
Resolve mutations for :app:checkDebugAarMetadata (Thread[#659,included builds,5,main]) started.
:app:checkDebugAarMetadata (Thread[#659,included builds,5,main]) started.

> Task :app:checkDebugAarMetadata UP-TO-DATE
Caching disabled for task ':app:checkDebugAarMetadata' because:
  Build cache is disabled
  Caching has been disabled for the task
Skipping task ':app:checkDebugAarMetadata' as it is up-to-date.
Resolve mutations for :app:generateDebugResValues (Thread[#660,Execution worker,5,main]) started.
:app:generateDebugResValues (Thread[#660,Execution worker,5,main]) started.

> Task :app:generateDebugResValues UP-TO-DATE
Caching disabled for task ':app:generateDebugResValues' because:
  Build cache is disabled
Skipping task ':app:generateDebugResValues' as it is up-to-date.
Resolve mutations for :app:mapDebugSourceSetPaths (Thread[#660,Execution worker,5,main]) started.
:app:mapDebugSourceSetPaths (Thread[#660,Execution worker,5,main]) started.

> Task :app:mapDebugSourceSetPaths UP-TO-DATE
Caching disabled for task ':app:mapDebugSourceSetPaths' because:
  Build cache is disabled
  Caching has been disabled for the task
Skipping task ':app:mapDebugSourceSetPaths' as it is up-to-date.
Resolve mutations for :app:generateDebugResources (Thread[#659,included builds,5,main]) started.
:app:generateDebugResources (Thread[#659,included builds,5,main]) started.

> Task :app:generateDebugResources UP-TO-DATE
Caching disabled for task ':app:generateDebugResources' because:
  Build cache is disabled
Skipping task ':app:generateDebugResources' as it is up-to-date.
Resolve mutations for :app:mergeDebugResources (Thread[#659,included builds,5,main]) started.
:app:mergeDebugResources (Thread[#659,included builds,5,main]) started.

> Task :app:mergeDebugResources UP-TO-DATE
Caching disabled for task ':app:mergeDebugResources' because:
  Build cache is disabled
Skipping task ':app:mergeDebugResources' as it is up-to-date.
Resolve mutations for :app:packageDebugResources (Thread[#660,Execution worker,5,main]) started.
:app:packageDebugResources (Thread[#660,Execution worker,5,main]) started.

> Task :app:packageDebugResources UP-TO-DATE
Caching disabled for task ':app:packageDebugResources' because:
  Build cache is disabled
Skipping task ':app:packageDebugResources' as it is up-to-date.
Resolve mutations for :app:parseDebugLocalResources (Thread[#660,Execution worker,5,main]) started.
:app:parseDebugLocalResources (Thread[#660,Execution worker,5,main]) started.

> Task :app:parseDebugLocalResources UP-TO-DATE
Caching disabled for task ':app:parseDebugLocalResources' because:
  Build cache is disabled
Skipping task ':app:parseDebugLocalResources' as it is up-to-date.
Resolve mutations for :app:createDebugCompatibleScreenManifests (Thread[#659,included builds,5,main]) started.
:app:createDebugCompatibleScreenManifests (Thread[#659,included builds,5,main]) started.

> Task :app:createDebugCompatibleScreenManifests UP-TO-DATE
Caching disabled for task ':app:createDebugCompatibleScreenManifests' because:
  Build cache is disabled
  Caching has been disabled for the task
Skipping task ':app:createDebugCompatibleScreenManifests' as it is up-to-date.
Resolve mutations for :app:extractDeepLinksDebug (Thread[#659,included builds,5,main]) started.
:app:extractDeepLinksDebug (Thread[#659,included builds,5,main]) started.

> Task :app:extractDeepLinksDebug UP-TO-DATE
Caching disabled for task ':app:extractDeepLinksDebug' because:
  Build cache is disabled
Skipping task ':app:extractDeepLinksDebug' as it is up-to-date.
Resolve mutations for :app:processDebugMainManifest (Thread[#660,Execution worker,5,main]) started.
:app:processDebugMainManifest (Thread[#660,Execution worker,5,main]) started.

> Task :app:processDebugMainManifest UP-TO-DATE
Caching disabled for task ':app:processDebugMainManifest' because:
  Build cache is disabled
Skipping task ':app:processDebugMainManifest' as it is up-to-date.
Resolve mutations for :app:processDebugManifest (Thread[#660,Execution worker,5,main]) started.
:app:processDebugManifest (Thread[#660,Execution worker,5,main]) started.

> Task :app:processDebugManifest UP-TO-DATE
Caching disabled for task ':app:processDebugManifest' because:
  Build cache is disabled
Skipping task ':app:processDebugManifest' as it is up-to-date.
Resolve mutations for :app:processDebugManifestForPackage (Thread[#660,Execution worker,5,main]) started.
:app:processDebugManifestForPackage (Thread[#660,Execution worker,5,main]) started.

> Task :app:processDebugManifestForPackage UP-TO-DATE
Custom actions are attached to task ':app:processDebugManifestForPackage'.
Caching disabled for task ':app:processDebugManifestForPackage' because:
  Build cache is disabled
Skipping task ':app:processDebugManifestForPackage' as it is up-to-date.
Resolve mutations for :app:processDebugResources (Thread[#659,included builds,5,main]) started.
:app:processDebugResources (Thread[#659,included builds,5,main]) started.

> Task :app:processDebugResources UP-TO-DATE
Caching disabled for task ':app:processDebugResources' because:
  Build cache is disabled
Skipping task ':app:processDebugResources' as it is up-to-date.
Resolve mutations for :app:kspDebugKotlin (Thread[#660,Execution worker,5,main]) started.
:app:kspDebugKotlin (Thread[#660,Execution worker,5,main]) started.

> Task :app:kspDebugKotlin UP-TO-DATE
file or directory '/workspaces/RA/app/src/debug/kotlin', not found
file or directory '/workspaces/RA/app/src/debug/java', not found
file or directory '/workspaces/RA/app/src/main/kotlin', not found
file or directory '/workspaces/RA/app/src/debug/java', not found
file or directory '/workspaces/RA/app/src/debug/kotlin', not found
file or directory '/workspaces/RA/app/src/debug/java', not found
file or directory '/workspaces/RA/app/src/main/kotlin', not found
file or directory '/workspaces/RA/app/src/debug/java', not found
Caching disabled for task ':app:kspDebugKotlin' because:
  Build cache is disabled
Skipping task ':app:kspDebugKotlin' as it is up-to-date.
Resolve mutations for :app:compileDebugKotlin (Thread[#659,included builds,5,main]) started.
:app:compileDebugKotlin (Thread[#659,included builds,5,main]) started.
Resolve mutations for :app:javaPreCompileDebug (Thread[#660,Execution worker,5,main]) started.
:app:javaPreCompileDebug (Thread[#660,Execution worker,5,main]) started.

> Task :app:javaPreCompileDebug UP-TO-DATE
Caching disabled for task ':app:javaPreCompileDebug' because:
  Build cache is disabled
Skipping task ':app:javaPreCompileDebug' as it is up-to-date.
Resolve mutations for :app:mergeDebugShaders (Thread[#660,Execution worker,5,main]) started.
:app:mergeDebugShaders (Thread[#660,Execution worker,5,main]) started.

> Task :app:mergeDebugShaders UP-TO-DATE
Caching disabled for task ':app:mergeDebugShaders' because:
  Build cache is disabled
  Simple merging task
Skipping task ':app:mergeDebugShaders' as it is up-to-date.
Resolve mutations for :app:compileDebugShaders (Thread[#660,Execution worker,5,main]) started.
:app:compileDebugShaders (Thread[#660,Execution worker,5,main]) started.

> Task :app:compileDebugShaders NO-SOURCE
Skipping task ':app:compileDebugShaders' as it has no source files and no previous output files.
Resolve mutations for :app:generateDebugAssets (Thread[#660,Execution worker,5,main]) started.
:app:generateDebugAssets (Thread[#660,Execution worker,5,main]) started.

> Task :app:generateDebugAssets UP-TO-DATE
Skipping task ':app:generateDebugAssets' as it has no actions.
Resolve mutations for :app:mergeDebugAssets (Thread[#660,Execution worker,5,main]) started.
:app:mergeDebugAssets (Thread[#660,Execution worker,5,main]) started.

> Task :app:mergeDebugAssets UP-TO-DATE
Caching disabled for task ':app:mergeDebugAssets' because:
  Build cache is disabled
  Simple merging task
Skipping task ':app:mergeDebugAssets' as it is up-to-date.
Resolve mutations for :app:compressDebugAssets (Thread[#660,Execution worker,5,main]) started.
:app:compressDebugAssets (Thread[#660,Execution worker,5,main]) started.

> Task :app:compressDebugAssets UP-TO-DATE
Caching disabled for task ':app:compressDebugAssets' because:
  Build cache is disabled
Skipping task ':app:compressDebugAssets' as it is up-to-date.
Resolve mutations for :app:desugarDebugFileDependencies (Thread[#660,Execution worker,5,main]) started.
:app:desugarDebugFileDependencies (Thread[#660,Execution worker,5,main]) started.

> Task :app:desugarDebugFileDependencies UP-TO-DATE
Caching disabled for task ':app:desugarDebugFileDependencies' because:
  Build cache is disabled
Skipping task ':app:desugarDebugFileDependencies' as it is up-to-date.
Resolve mutations for :app:checkDebugDuplicateClasses (Thread[#660,Execution worker,5,main]) started.
:app:checkDebugDuplicateClasses (Thread[#660,Execution worker,5,main]) started.

> Task :app:checkDebugDuplicateClasses UP-TO-DATE
Caching disabled for task ':app:checkDebugDuplicateClasses' because:
  Build cache is disabled
  Caching has been disabled for the task
Skipping task ':app:checkDebugDuplicateClasses' as it is up-to-date.
Resolve mutations for :app:mergeDebugStartupProfile (Thread[#660,Execution worker,5,main]) started.
:app:mergeDebugStartupProfile (Thread[#660,Execution worker,5,main]) started.

> Task :app:mergeDebugStartupProfile UP-TO-DATE
Caching disabled for task ':app:mergeDebugStartupProfile' because:
  Build cache is disabled
  Simple merging task
Skipping task ':app:mergeDebugStartupProfile' as it is up-to-date.
Resolve mutations for :app:mergeExtDexDebug (Thread[#660,Execution worker,5,main]) started.
:app:mergeExtDexDebug (Thread[#660,Execution worker,5,main]) started.

> Task :app:mergeExtDexDebug UP-TO-DATE
Caching disabled for task ':app:mergeExtDexDebug' because:
  Build cache is disabled
Skipping task ':app:mergeExtDexDebug' as it is up-to-date.
Resolve mutations for :app:mergeLibDexDebug (Thread[#660,Execution worker,5,main]) started.
:app:mergeLibDexDebug (Thread[#660,Execution worker,5,main]) started.

> Task :app:mergeLibDexDebug UP-TO-DATE
Caching disabled for task ':app:mergeLibDexDebug' because:
  Build cache is disabled
Skipping task ':app:mergeLibDexDebug' as it is up-to-date.
Resolve mutations for :app:mergeDebugJniLibFolders (Thread[#660,Execution worker,5,main]) started.
:app:mergeDebugJniLibFolders (Thread[#660,Execution worker,5,main]) started.

> Task :app:mergeDebugJniLibFolders UP-TO-DATE
Caching disabled for task ':app:mergeDebugJniLibFolders' because:
  Build cache is disabled
  Simple merging task
Skipping task ':app:mergeDebugJniLibFolders' as it is up-to-date.
Resolve mutations for :app:mergeDebugNativeLibs (Thread[#660,Execution worker,5,main]) started.
:app:mergeDebugNativeLibs (Thread[#660,Execution worker,5,main]) started.

> Task :app:mergeDebugNativeLibs UP-TO-DATE
Caching disabled for task ':app:mergeDebugNativeLibs' because:
  Build cache is disabled
  Caching has been disabled for the task
Skipping task ':app:mergeDebugNativeLibs' as it is up-to-date.
Resolve mutations for :app:stripDebugDebugSymbols (Thread[#660,Execution worker,5,main]) started.
:app:stripDebugDebugSymbols (Thread[#660,Execution worker,5,main]) started.

> Task :app:stripDebugDebugSymbols UP-TO-DATE
Caching disabled for task ':app:stripDebugDebugSymbols' because:
  Build cache is disabled
  Caching has been disabled for the task
Skipping task ':app:stripDebugDebugSymbols' as it is up-to-date.
Resolve mutations for :app:validateSigningDebug (Thread[#660,Execution worker,5,main]) started.
:app:validateSigningDebug (Thread[#660,Execution worker,5,main]) started.

> Task :app:validateSigningDebug UP-TO-DATE
Caching disabled for task ':app:validateSigningDebug' because:
  Build cache is disabled
  Caching has been disabled for the task
Skipping task ':app:validateSigningDebug' as it is up-to-date.
Resolve mutations for :app:writeDebugAppMetadata (Thread[#660,Execution worker,5,main]) started.
:app:writeDebugAppMetadata (Thread[#660,Execution worker,5,main]) started.

> Task :app:writeDebugAppMetadata UP-TO-DATE
Caching disabled for task ':app:writeDebugAppMetadata' because:
  Build cache is disabled
  Caching has been disabled for the task
Skipping task ':app:writeDebugAppMetadata' as it is up-to-date.
Resolve mutations for :app:writeDebugSigningConfigVersions (Thread[#660,Execution worker,5,main]) started.
:app:writeDebugSigningConfigVersions (Thread[#660,Execution worker,5,main]) started.

> Task :app:writeDebugSigningConfigVersions UP-TO-DATE
Caching disabled for task ':app:writeDebugSigningConfigVersions' because:
  Build cache is disabled
  Caching has been disabled for the task
Skipping task ':app:writeDebugSigningConfigVersions' as it is up-to-date.

> Task :app:compileDebugKotlin FAILED
Caching disabled for task ':app:compileDebugKotlin' because:
  Build cache is disabled
Task ':app:compileDebugKotlin' is not up-to-date because:
  Task has failed previously.
The input changes require a full rebuild for incremental task ':app:compileDebugKotlin'.
file or directory '/workspaces/RA/app/src/debug/kotlin', not found
file or directory '/workspaces/RA/app/src/debug/java', not found
file or directory '/workspaces/RA/app/src/debug/kotlin', not found
file or directory '/workspaces/RA/app/src/debug/kotlin', not found
file or directory '/workspaces/RA/app/src/debug/java', not found
file or directory '/workspaces/RA/app/build/generated/ksp/debug/java', not found
file or directory '/workspaces/RA/app/src/main/kotlin', not found
file or directory '/workspaces/RA/app/src/main/kotlin', not found
file or directory '/workspaces/RA/app/src/main/kotlin', not found
file or directory '/workspaces/RA/app/src/debug/java', not found
file or directory '/workspaces/RA/app/build/generated/ksp/debug/java', not found
file or directory '/workspaces/RA/app/src/debug/kotlin', not found
file or directory '/workspaces/RA/app/src/debug/java', not found
file or directory '/workspaces/RA/app/src/debug/kotlin', not found
file or directory '/workspaces/RA/app/src/debug/kotlin', not found
file or directory '/workspaces/RA/app/src/debug/java', not found
file or directory '/workspaces/RA/app/build/generated/ksp/debug/java', not found
file or directory '/workspaces/RA/app/src/main/kotlin', not found
file or directory '/workspaces/RA/app/src/debug/kotlin', not found
file or directory '/workspaces/RA/app/src/debug/java', not found
file or directory '/workspaces/RA/app/src/debug/kotlin', not found
file or directory '/workspaces/RA/app/src/debug/kotlin', not found
file or directory '/workspaces/RA/app/src/debug/java', not found
file or directory '/workspaces/RA/app/build/generated/ksp/debug/java', not found
file or directory '/workspaces/RA/app/src/main/kotlin', not found
file or directory '/workspaces/RA/app/src/main/kotlin', not found
file or directory '/workspaces/RA/app/src/main/kotlin', not found
file or directory '/workspaces/RA/app/src/debug/java', not found
file or directory '/workspaces/RA/app/build/generated/ksp/debug/java', not found
file or directory '/workspaces/RA/app/src/debug/kotlin', not found
file or directory '/workspaces/RA/app/src/debug/java', not found
file or directory '/workspaces/RA/app/src/debug/kotlin', not found
file or directory '/workspaces/RA/app/src/debug/kotlin', not found
file or directory '/workspaces/RA/app/src/debug/java', not found
file or directory '/workspaces/RA/app/build/generated/ksp/debug/java', not found
file or directory '/workspaces/RA/app/src/main/kotlin', not found
file or directory '/workspaces/RA/app/src/main/kotlin', not found
file or directory '/workspaces/RA/app/src/main/kotlin', not found
file or directory '/workspaces/RA/app/src/debug/java', not found
file or directory '/workspaces/RA/app/build/generated/ksp/debug/java', not found
file or directory '/workspaces/RA/app/src/debug/kotlin', not found
file or directory '/workspaces/RA/app/src/debug/java', not found
file or directory '/workspaces/RA/app/src/debug/kotlin', not found
file or directory '/workspaces/RA/app/src/debug/kotlin', not found
file or directory '/workspaces/RA/app/src/debug/java', not found
file or directory '/workspaces/RA/app/build/generated/ksp/debug/java', not found
file or directory '/workspaces/RA/app/src/main/kotlin', not found
file or directory '/workspaces/RA/app/src/main/kotlin', not found
file or directory '/workspaces/RA/app/src/main/kotlin', not found
file or directory '/workspaces/RA/app/src/debug/java', not found
file or directory '/workspaces/RA/app/build/generated/ksp/debug/java', not found
Kotlin source files: /workspaces/RA/app/src/main/java/com/example/oldtimerrallytimer/vm/AppViewModel.kt, /workspaces/RA/app/src/main/java/com/example/oldtimerrallytimer/service/SignalService.kt, /workspaces/RA/app/src/main/java/com/example/oldtimerrallytimer/MainActivity.kt, /workspaces/RA/app/src/main/java/com/example/oldtimerrallytimer/ui/Settings.kt, /workspaces/RA/app/src/main/java/com/example/oldtimerrallytimer/ui/Competition.kt, /workspaces/RA/app/src/main/java/com/example/oldtimerrallytimer/ui/Presets.kt, /workspaces/RA/app/src/main/java/com/example/oldtimerrallytimer/ui/Training.kt, /workspaces/RA/app/src/main/java/com/example/oldtimerrallytimer/ui/Nav.kt, /workspaces/RA/app/src/main/java/com/example/oldtimerrallytimer/model/Models.kt
Java source files: /workspaces/RA/app/build/generated/source/buildConfig/debug/com/example/oldtimerrallytimer/BuildConfig.java
Script source files: 
Script file extensions: 
Using Kotlin/JVM incremental compilation
[KOTLIN] Kotlin compilation 'jdkHome' argument: null
Options for KOTLIN DAEMON: IncrementalCompilationOptions(super=CompilationOptions(compilerMode=INCREMENTAL_COMPILER, targetPlatform=JVM, reportCategories=[0, 3], reportSeverity=2, requestedCompilationResults=[0], kotlinScriptExtensions=[]), areFileChangesKnown=false, modifiedFiles=null, deletedFiles=null, classpathChanges=NotAvailableForNonIncrementalRun, workingDir=/workspaces/RA/app/build/kotlin/compileDebugKotlin/cacheable, multiModuleICSettings=MultiModuleICSettings(buildHistoryFile=/workspaces/RA/app/build/kotlin/compileDebugKotlin/local-state/build-history.bin, useModuleDetection=true), usePreciseJavaTracking=true, icFeatures=IncrementalCompilationFeatures(withAbiSnapshot=false, preciseCompilationResultsBackup=true, keepIncrementalCompilationCachesInMemory=true, enableUnsafeIncrementalCompilationForMultiplatform=false), outputFiles=[/workspaces/RA/app/build/tmp/kotlin-classes/debug, /workspaces/RA/app/build/kotlin/compileDebugKotlin/cacheable, /workspaces/RA/app/build/kotlin/compileDebugKotlin/local-state])
Finished executing kotlin compiler using DAEMON strategy
31 actionable tasks: 1 executed, 30 up-to-date
Some of the file system contents retained in the virtual file system are on file systems that Gradle doesn't support watching. The relevant state was discarded to ensure changes to these locations are properly detected. You can override this by explicitly enabling file system watching.
